[28-Jan-2025 17:35:16 Europe/Berlin] Verification request received: {"action":"generate","email":"yannahwatanabe794@gmail.com"}
[28-Jan-2025 17:35:16 Europe/Berlin] Verification request received: {"action":"generate","email":"yannahwatanabe794@gmail.com"}
[28-Jan-2025 17:35:16 Europe/Berlin] Processing verification request for action: generate
[28-Jan-2025 17:35:16 Europe/Berlin] Generating OTP for email: yannahwatanabe794@gmail.com
[28-Jan-2025 17:35:16 Europe/Berlin] Processing verification request for action: generate
[28-Jan-2025 17:35:16 Europe/Berlin] Generating OTP for email: yannahwatanabe794@gmail.com
[28-Jan-2025 17:35:16 Europe/Berlin] OTP created for email: yannahwatanabe794@gmail.com
[28-Jan-2025 17:35:16 Europe/Berlin] Database error in createOrUpdate: SQLSTATE[23000]: Integrity constraint violation: 1062 Duplicate entry 'yannahwatanabe794@gmail.com' for key 'unique_email'
[28-Jan-2025 17:35:16 Europe/Berlin] Verification Error: Failed to save verification code
[28-Jan-2025 17:35:16 Europe/Berlin] Stack trace: #0 C:\xampp\htdocs\lifely1.0\backend\api\verification.php(60): Verification->createOrUpdate('yannahwatanabe7...', '602207', '2025-01-28 17:5...')
#1 {main}
[28-Jan-2025 17:35:20 Europe/Berlin] Email sent successfully to: yannahwatanabe794@gmail.com
[28-Jan-2025 17:35:38 Europe/Berlin] Verification request received: {"action":"generate","email":"yannahwatanabe794@gmail.com"}
[28-Jan-2025 17:35:38 Europe/Berlin] Processing verification request for action: generate
[28-Jan-2025 17:35:38 Europe/Berlin] Generating OTP for email: yannahwatanabe794@gmail.com
[28-Jan-2025 17:35:38 Europe/Berlin] OTP created for email: yannahwatanabe794@gmail.com
[28-Jan-2025 17:35:42 Europe/Berlin] Email sent successfully to: yannahwatanabe794@gmail.com
[28-Jan-2025 17:35:55 Europe/Berlin] Verification request received: {"action":"verify","email":"yannahwatanabe794@gmail.com","otp":"792086"}
[28-Jan-2025 17:35:55 Europe/Berlin] Processing verification request for action: verify
[28-Jan-2025 17:35:55 Europe/Berlin] PHP Deprecated:  Constant FILTER_SANITIZE_STRING is deprecated in C:\xampp\htdocs\lifely1.0\backend\api\verification.php on line 83
[28-Jan-2025 17:35:55 Europe/Berlin] Verifying OTP for email: yannahwatanabe794@gmail.com
[28-Jan-2025 17:35:55 Europe/Berlin] Verification Error: Invalid verification code.
[28-Jan-2025 17:35:55 Europe/Berlin] Stack trace: #0 C:\xampp\htdocs\lifely1.0\backend\api\verification.php(86): Verification->verifyOTP('yannahwatanabe7...', '792086')
#1 {main}
[28-Jan-2025 17:36:11 Europe/Berlin] Verification request received: {"action":"generate","email":"yannahwatanabe794@gmail.com"}
[28-Jan-2025 17:36:11 Europe/Berlin] Verification request received: {"action":"generate","email":"yannahwatanabe794@gmail.com"}
[28-Jan-2025 17:36:11 Europe/Berlin] Processing verification request for action: generate
[28-Jan-2025 17:36:11 Europe/Berlin] Generating OTP for email: yannahwatanabe794@gmail.com
[28-Jan-2025 17:36:11 Europe/Berlin] OTP created for email: yannahwatanabe794@gmail.com
[28-Jan-2025 17:36:11 Europe/Berlin] Processing verification request for action: generate
[28-Jan-2025 17:36:11 Europe/Berlin] Generating OTP for email: yannahwatanabe794@gmail.com
[28-Jan-2025 17:36:11 Europe/Berlin] OTP created for email: yannahwatanabe794@gmail.com
[28-Jan-2025 17:36:16 Europe/Berlin] Email sent successfully to: yannahwatanabe794@gmail.com
[28-Jan-2025 17:36:16 Europe/Berlin] Email sent successfully to: yannahwatanabe794@gmail.com
[28-Jan-2025 17:36:25 Europe/Berlin] Verification request received: {"action":"verify","email":"yannahwatanabe794@gmail.com","otp":"015195"}
[28-Jan-2025 17:36:26 Europe/Berlin] Processing verification request for action: verify
[28-Jan-2025 17:36:26 Europe/Berlin] PHP Deprecated:  Constant FILTER_SANITIZE_STRING is deprecated in C:\xampp\htdocs\lifely1.0\backend\api\verification.php on line 83
[28-Jan-2025 17:36:26 Europe/Berlin] Verifying OTP for email: yannahwatanabe794@gmail.com
[28-Jan-2025 17:36:26 Europe/Berlin] Verification Error: Invalid verification code.
[28-Jan-2025 17:36:26 Europe/Berlin] Stack trace: #0 C:\xampp\htdocs\lifely1.0\backend\api\verification.php(86): Verification->verifyOTP('yannahwatanabe7...', '015195')
#1 {main}
[28-Jan-2025 17:37:18 Europe/Berlin] Verification request received: {"action":"generate","email":"yannahwatanabe794@gmail.com"}
[28-Jan-2025 17:37:18 Europe/Berlin] Processing verification request for action: generate
[28-Jan-2025 17:37:18 Europe/Berlin] Generating OTP for email: yannahwatanabe794@gmail.com
[28-Jan-2025 17:37:18 Europe/Berlin] OTP created for email: yannahwatanabe794@gmail.com
[28-Jan-2025 17:37:22 Europe/Berlin] Email sent successfully to: yannahwatanabe794@gmail.com
[28-Jan-2025 17:41:23 Europe/Berlin] Verification request received: {"action":"generate","email":"yannahwatanabe794@gmail.com"}
[28-Jan-2025 17:41:23 Europe/Berlin] Verification request received: {"action":"generate","email":"yannahwatanabe794@gmail.com"}
[28-Jan-2025 17:41:23 Europe/Berlin] Processing verification request for action: generate
[28-Jan-2025 17:41:23 Europe/Berlin] Generating OTP for email: yannahwatanabe794@gmail.com
[28-Jan-2025 17:41:23 Europe/Berlin] Existing OTP record updated for email: yannahwatanabe794@gmail.com
[28-Jan-2025 17:41:23 Europe/Berlin] Processing verification request for action: generate
[28-Jan-2025 17:41:23 Europe/Berlin] Generating OTP for email: yannahwatanabe794@gmail.com
[28-Jan-2025 17:41:23 Europe/Berlin] Existing OTP record updated for email: yannahwatanabe794@gmail.com
[28-Jan-2025 17:41:27 Europe/Berlin] Email sent successfully to: yannahwatanabe794@gmail.com
[28-Jan-2025 17:41:28 Europe/Berlin] Email sent successfully to: yannahwatanabe794@gmail.com
[28-Jan-2025 17:42:00 Europe/Berlin] Verification request received: {"action":"verify","email":"yannahwatanabe794@gmail.com","otp":"171514"}
[28-Jan-2025 17:42:00 Europe/Berlin] Processing verification request for action: verify
[28-Jan-2025 17:42:00 Europe/Berlin] PHP Deprecated:  Constant FILTER_SANITIZE_STRING is deprecated in C:\xampp\htdocs\lifely1.0\backend\api\verification.php on line 83
[28-Jan-2025 17:42:00 Europe/Berlin] Verifying OTP for email: yannahwatanabe794@gmail.com
[28-Jan-2025 17:42:00 Europe/Berlin] Verifying OTP for email: yannahwatanabe794@gmail.com with code: 171514
[28-Jan-2025 17:42:00 Europe/Berlin] Invalid OTP attempt for email: yannahwatanabe794@gmail.com
[28-Jan-2025 17:42:00 Europe/Berlin] Verification Error: Invalid verification code
[28-Jan-2025 17:42:00 Europe/Berlin] Stack trace: #0 C:\xampp\htdocs\lifely1.0\backend\api\verification.php(86): Verification->verifyOTP('yannahwatanabe7...', '171514')
#1 {main}
[28-Jan-2025 17:44:41 Europe/Berlin] Verification request received: {"action":"generate","email":"freyalaluce@gmail.com"}
[28-Jan-2025 17:44:41 Europe/Berlin] Verification request received: {"action":"generate","email":"freyalaluce@gmail.com"}
[28-Jan-2025 17:44:41 Europe/Berlin] Processing verification request for action: generate
[28-Jan-2025 17:44:41 Europe/Berlin] Processing verification request for action: generate
[28-Jan-2025 17:44:41 Europe/Berlin] Generating OTP for email: freyalaluce@gmail.com
[28-Jan-2025 17:44:41 Europe/Berlin] Generating OTP for email: freyalaluce@gmail.com
[28-Jan-2025 17:44:41 Europe/Berlin] New OTP record created for email: freyalaluce@gmail.com
[28-Jan-2025 17:44:41 Europe/Berlin] Database error in createOrUpdate: SQLSTATE[23000]: Integrity constraint violation: 1062 Duplicate entry 'freyalaluce@gmail.com' for key 'unique_email'
[28-Jan-2025 17:44:41 Europe/Berlin] Verification Error: Failed to save OTP
[28-Jan-2025 17:44:41 Europe/Berlin] Stack trace: #0 {main}
[28-Jan-2025 17:44:45 Europe/Berlin] Email sent successfully to: freyalaluce@gmail.com
[28-Jan-2025 17:45:10 Europe/Berlin] Verification request received: {"action":"verify","email":"freyalaluce@gmail.com","otp":"343875"}
[28-Jan-2025 17:45:10 Europe/Berlin] Processing verification request for action: verify
[28-Jan-2025 17:45:10 Europe/Berlin] PHP Deprecated:  Constant FILTER_SANITIZE_STRING is deprecated in C:\xampp\htdocs\lifely1.0\backend\api\verification.php on line 83
[28-Jan-2025 17:45:10 Europe/Berlin] Verifying OTP for email: freyalaluce@gmail.com
[28-Jan-2025 17:45:10 Europe/Berlin] Verifying OTP for email: freyalaluce@gmail.com with code: 343875
[28-Jan-2025 17:45:10 Europe/Berlin] Invalid OTP attempt for email: freyalaluce@gmail.com
[28-Jan-2025 17:45:10 Europe/Berlin] Verification Error: Invalid verification code
[28-Jan-2025 17:45:10 Europe/Berlin] Stack trace: #0 C:\xampp\htdocs\lifely1.0\backend\api\verification.php(86): Verification->verifyOTP('freyalaluce@gma...', '343875')
#1 {main}
[28-Jan-2025 17:47:26 Europe/Berlin] Verification request received: {"action":"generate","email":"freyalaluce@gmail.com"}
[28-Jan-2025 17:47:26 Europe/Berlin] Verification request received: {"action":"generate","email":"freyalaluce@gmail.com"}
[28-Jan-2025 17:47:26 Europe/Berlin] Processing verification request for action: generate
[28-Jan-2025 17:47:26 Europe/Berlin] Generating OTP for email: freyalaluce@gmail.com
[28-Jan-2025 17:47:26 Europe/Berlin] Starting OTP creation for email: freyalaluce@gmail.com
[28-Jan-2025 17:47:26 Europe/Berlin] Deleted existing OTP records for email: freyalaluce@gmail.com
[28-Jan-2025 17:47:26 Europe/Berlin] Successfully created new OTP record for email: freyalaluce@gmail.com
[28-Jan-2025 17:47:26 Europe/Berlin] Processing verification request for action: generate
[28-Jan-2025 17:47:26 Europe/Berlin] Generating OTP for email: freyalaluce@gmail.com
[28-Jan-2025 17:47:26 Europe/Berlin] Starting OTP creation for email: freyalaluce@gmail.com
[28-Jan-2025 17:47:26 Europe/Berlin] Deleted existing OTP records for email: freyalaluce@gmail.com
[28-Jan-2025 17:47:26 Europe/Berlin] Successfully created new OTP record for email: freyalaluce@gmail.com
[28-Jan-2025 17:47:30 Europe/Berlin] Email sent successfully to: freyalaluce@gmail.com
[28-Jan-2025 17:47:31 Europe/Berlin] Email sent successfully to: freyalaluce@gmail.com
[28-Jan-2025 17:48:01 Europe/Berlin] Verification request received: {"action":"verify","email":"freyalaluce@gmail.com","otp":"548240"}
[28-Jan-2025 17:48:01 Europe/Berlin] Processing verification request for action: verify
[28-Jan-2025 17:48:01 Europe/Berlin] PHP Deprecated:  Constant FILTER_SANITIZE_STRING is deprecated in C:\xampp\htdocs\lifely1.0\backend\api\verification.php on line 83
[28-Jan-2025 17:48:01 Europe/Berlin] Verifying OTP for email: freyalaluce@gmail.com
[28-Jan-2025 17:48:01 Europe/Berlin] Verifying OTP for email: freyalaluce@gmail.com with code: 548240
[28-Jan-2025 17:48:01 Europe/Berlin] Invalid OTP attempt for email: freyalaluce@gmail.com
[28-Jan-2025 17:48:01 Europe/Berlin] Verification Error: Invalid verification code
[28-Jan-2025 17:48:01 Europe/Berlin] Stack trace: #0 C:\xampp\htdocs\lifely1.0\backend\api\verification.php(86): Verification->verifyOTP('freyalaluce@gma...', '548240')
#1 {main}
[28-Jan-2025 17:48:21 Europe/Berlin] Verification request received: {"action":"verify","email":"freyalaluce@gmail.com","otp":"548240"}
[28-Jan-2025 17:48:21 Europe/Berlin] Processing verification request for action: verify
[28-Jan-2025 17:48:21 Europe/Berlin] PHP Deprecated:  Constant FILTER_SANITIZE_STRING is deprecated in C:\xampp\htdocs\lifely1.0\backend\api\verification.php on line 83
[28-Jan-2025 17:48:21 Europe/Berlin] Verifying OTP for email: freyalaluce@gmail.com
[28-Jan-2025 17:48:21 Europe/Berlin] Verifying OTP for email: freyalaluce@gmail.com with code: 548240
[28-Jan-2025 17:48:21 Europe/Berlin] Invalid OTP attempt for email: freyalaluce@gmail.com
[28-Jan-2025 17:48:21 Europe/Berlin] Verification Error: Invalid verification code
[28-Jan-2025 17:48:21 Europe/Berlin] Stack trace: #0 C:\xampp\htdocs\lifely1.0\backend\api\verification.php(86): Verification->verifyOTP('freyalaluce@gma...', '548240')
#1 {main}
[28-Jan-2025 17:50:38 Europe/Berlin] Verification request received: {"action":"verify","email":"freyalaluce@gmail.com","otp":"548240"}
[28-Jan-2025 17:50:38 Europe/Berlin] Processing verification request for action: verify
[28-Jan-2025 17:50:38 Europe/Berlin] PHP Deprecated:  Constant FILTER_SANITIZE_STRING is deprecated in C:\xampp\htdocs\lifely1.0\backend\api\verification.php on line 86
[28-Jan-2025 17:50:38 Europe/Berlin] Verifying OTP for email: freyalaluce@gmail.com, OTP: 548240
[28-Jan-2025 17:50:38 Europe/Berlin] Starting OTP verification for email: freyalaluce@gmail.com with code: 548240
[28-Jan-2025 17:50:38 Europe/Berlin] Found OTP record: {"id":2,"email":"freyalaluce@gmail.com","otp":"548240","expires_at":"2025-01-28 18:02:26","created_at":"2025-01-29 00:47:26","verified":0}
[28-Jan-2025 17:50:38 Europe/Berlin] OTP verified successfully for email: freyalaluce@gmail.com
